<?xml version="1.0" encoding="UTF-8"?>
<testsuite xmlns:xsi="http://www.w3.org/2001/XMLSchema-instance" xsi:noNamespaceSchemaLocation="https://maven.apache.org/surefire/maven-surefire-plugin/xsd/surefire-test-report-3.0.xsd" version="3.0" name="yanchuk.autodiagnosticcenter.editor.ListTransportEditorTest" time="0.212" tests="4" errors="0" skipped="0" failures="0">
  <properties>
[...]
</properties>
  <testcase name="testInvalidListTransportException" classname="yanchuk.autodiagnosticcenter.editor.ListTransportEditorTest" time="0.134"/>
  <testcase name="testValidListSuccessfulCompilation" classname="yanchuk.autodiagnosticcenter.editor.ListTransportEditorTest" time="0.007"/>
  <testcase name="testValidListTransportException" classname="yanchuk.autodiagnosticcenter.editor.ListTransportEditorTest" time="0.003"/>
  <testcase name="testInvalidListSuccessfulCompilation" classname="yanchuk.autodiagnosticcenter.editor.ListTransportEditorTest" time="0.005"/>
</testsuite>