<?xml version="1.0" encoding="UTF-8"?>
<testsuite xmlns:xsi="http://www.w3.org/2001/XMLSchema-instance" xsi:noNamespaceSchemaLocation="https://maven.apache.org/surefire/maven-surefire-plugin/xsd/surefire-test-report-3.0.xsd" version="3.0" name="yanchuk.autodiagnosticcenter.writer.JsonTransportWriterTest" time="0.113" tests="6" errors="1" skipped="0" failures="0">
  <properties>
[...]
</properties>
  <testcase name="testProcessedTransportWriterException" classname="yanchuk.autodiagnosticcenter.writer.JsonTransportWriterTest" time="0.002"/>
  <testcase name="testInvalidTransportSuccessfulWriting" classname="yanchuk.autodiagnosticcenter.writer.JsonTransportWriterTest" time="0.062">
    <error message="Input length = 1" type="java.nio.charset.MalformedInputException"><![CDATA[java.nio.charset.MalformedInputException: Input length = 1
	at java.base/java.lang.String.throwMalformed(String.java:1240)
	at java.base/java.lang.String.decodeUTF8_UTF16(String.java:1191)
	at java.base/java.lang.String.newStringUTF8NoRepl(String.java:728)
	at java.base/java.lang.String.newStringNoRepl1(String.java:756)
	at java.base/java.lang.String.newStringNoRepl(String.java:738)
	at java.base/java.lang.System$2.newStringNoRepl(System.java:2390)
	at java.base/java.nio.file.Files.readString(Files.java:3369)
	at java.base/java.nio.file.Files.readString(Files.java:3325)
	at yanchuk.autodiagnosticcenter.writer.JsonTransportWriterTest.testInvalidTransportSuccessfulWriting(JsonTransportWriterTest.java:30)
	at java.base/java.lang.reflect.Method.invoke(Method.java:568)
	at java.base/java.util.ArrayList.forEach(ArrayList.java:1511)
	at java.base/java.util.ArrayList.forEach(ArrayList.java:1511)
]]></error>
    <system-out><![CDATA[Invalid file is created
]]></system-out>
  </testcase>
  <testcase name="testInvalidTransportWriterExceptionFileWriteError" classname="yanchuk.autodiagnosticcenter.writer.JsonTransportWriterTest" time="0.005"/>
  <testcase name="testProcessedTransportWriterExceptionFileWriteError" classname="yanchuk.autodiagnosticcenter.writer.JsonTransportWriterTest" time="0.003"/>
  <testcase name="testInvalidTransportWriterException" classname="yanchuk.autodiagnosticcenter.writer.JsonTransportWriterTest" time="0.002"/>
  <testcase name="testProcessedTransportSuccessfulWriting" classname="yanchuk.autodiagnosticcenter.writer.JsonTransportWriterTest" time="0.005">
    <system-out><![CDATA[Processed file is created
D:\codes\Enterprise\yanchuk_autodiagnosticcenter\processed-transport.json
]]></system-out>
  </testcase>
</testsuite>